
> employee@0.1.0 build
> next build

 ⚠ Warning: Next.js inferred your workspace root, but it may not be correct.
 We detected multiple lockfiles and selected the directory of /home/joshfermano/package-lock.json as the root directory.
 To silence this warning, set `outputFileTracingRoot` in your Next.js config, or consider removing one of the lockfiles if it's not needed.
   See https://nextjs.org/docs/app/api-reference/config/next-config-js/output#caveats for more information.
 Detected additional lockfiles: 
   * /home/joshfermano/Thesis/smart-gov/package-lock.json
   * /home/joshfermano/Thesis/package-lock.json

   ▲ Next.js 15.5.3
   - Environments: .env.local

   Creating an optimized production build ...
 ✓ Compiled successfully in 11.4s
   Linting and checking validity of types ...

./src/app/dashboard/pds/page.tsx
5:20  Warning: 'InfoItem' is defined but never used.  @typescript-eslint/no-unused-vars
9:3  Warning: 'Card' is defined but never used.  @typescript-eslint/no-unused-vars
10:3  Warning: 'CardHeader' is defined but never used.  @typescript-eslint/no-unused-vars
11:3  Warning: 'CardTitle' is defined but never used.  @typescript-eslint/no-unused-vars
12:3  Warning: 'CardDescription' is defined but never used.  @typescript-eslint/no-unused-vars
13:3  Warning: 'CardContent' is defined but never used.  @typescript-eslint/no-unused-vars
16:10  Warning: 'ShinyButton' is defined but never used.  @typescript-eslint/no-unused-vars

./src/app/dashboard/saln/page.tsx
5:20  Warning: 'InfoItem' is defined but never used.  @typescript-eslint/no-unused-vars
9:3  Warning: 'Card' is defined but never used.  @typescript-eslint/no-unused-vars
10:3  Warning: 'CardHeader' is defined but never used.  @typescript-eslint/no-unused-vars
11:3  Warning: 'CardTitle' is defined but never used.  @typescript-eslint/no-unused-vars
12:3  Warning: 'CardDescription' is defined but never used.  @typescript-eslint/no-unused-vars
13:3  Warning: 'CardContent' is defined but never used.  @typescript-eslint/no-unused-vars
16:10  Warning: 'ShinyButton' is defined but never used.  @typescript-eslint/no-unused-vars
36:3  Warning: 'FileCheck' is defined but never used.  @typescript-eslint/no-unused-vars
41:3  Warning: 'DollarSign' is defined but never used.  @typescript-eslint/no-unused-vars
42:3  Warning: 'Percent' is defined but never used.  @typescript-eslint/no-unused-vars

./src/app/features/ai-compliance/page.tsx
99:24  Warning: 'index' is defined but never used.  @typescript-eslint/no-unused-vars

./src/app/features/dashboard-analytics/page.tsx
99:24  Warning: 'index' is defined but never used.  @typescript-eslint/no-unused-vars
313:26  Warning: 'index' is defined but never used.  @typescript-eslint/no-unused-vars

./src/app/features/pds/page.tsx
11:3  Warning: 'Download' is defined but never used.  @typescript-eslint/no-unused-vars
13:3  Warning: 'Eye' is defined but never used.  @typescript-eslint/no-unused-vars
20:3  Warning: 'ChevronRight' is defined but never used.  @typescript-eslint/no-unused-vars
27:10  Warning: 'Separator' is defined but never used.  @typescript-eslint/no-unused-vars
28:10  Warning: 'cn' is defined but never used.  @typescript-eslint/no-unused-vars
96:24  Warning: 'index' is defined but never used.  @typescript-eslint/no-unused-vars

./src/app/features/saln/page.tsx
98:24  Warning: 'index' is defined but never used.  @typescript-eslint/no-unused-vars

./src/app/features/security-compliance/page.tsx
100:24  Warning: 'index' is defined but never used.  @typescript-eslint/no-unused-vars

./src/components/auth/MockLoginForm.tsx
38:9  Warning: 'router' is assigned a value but never used.  @typescript-eslint/no-unused-vars

./src/components/dashboard/ProfileHero.tsx
6:10  Warning: 'cn' is defined but never used.  @typescript-eslint/no-unused-vars

./src/components/navigation/Header.tsx
390:9  Warning: 'router' is assigned a value but never used.  @typescript-eslint/no-unused-vars

./src/components/ui/animated-grid-pattern.tsx
37:3  Warning: 'repeatDelay' is assigned a value but never used.  @typescript-eslint/no-unused-vars
79:6  Warning: React Hook useEffect has a missing dependency: 'generateSquares'. Either include it or remove the dependency array.  react-hooks/exhaustive-deps
98:47  Warning: The ref value 'containerRef.current' will likely have changed by the time this effect cleanup function runs. If this ref points to a node rendered by React, copy 'containerRef.current' to a variable inside the effect, and use that variable in the cleanup function.  react-hooks/exhaustive-deps

./src/components/ui/globe.tsx
77:17  Warning: Assignments to the 'width' variable from inside React Hook useEffect will be lost after each render. To preserve the value over time, store it in a useRef Hook and keep the mutable value in the '.current' property. Otherwise, you can move this variable directly inside useEffect.  react-hooks/exhaustive-deps
89:49  Warning: Assignments to the 'phi' variable from inside React Hook useEffect will be lost after each render. To preserve the value over time, store it in a useRef Hook and keep the mutable value in the '.current' property. Otherwise, you can move this variable directly inside useEffect.  react-hooks/exhaustive-deps

./src/components/ui/particles.tsx
130:6  Warning: React Hook useEffect has missing dependencies: 'animate' and 'initCanvas'. Either include them or remove the dependency array.  react-hooks/exhaustive-deps
134:6  Warning: React Hook useEffect has a missing dependency: 'onMouseMove'. Either include it or remove the dependency array.  react-hooks/exhaustive-deps
138:6  Warning: React Hook useEffect has a missing dependency: 'initCanvas'. Either include it or remove the dependency array.  react-hooks/exhaustive-deps

info  - Need to disable some ESLint rules? Learn more here: https://nextjs.org/docs/app/api-reference/config/eslint#disabling-rules
   Collecting page data ...
   Generating static pages (0/19) ...
   Generating static pages (4/19) 
   Generating static pages (9/19) 
   Generating static pages (14/19) 
 ✓ Generating static pages (19/19)
   Finalizing page optimization ...
   Collecting build traces ...

Route (app)                                 Size  First Load JS
┌ ○ /                                    9.32 kB         174 kB
├ ○ /_not-found                            986 B         103 kB
├ ○ /about                               10.4 kB         159 kB
├ ○ /auth/login                            10 kB         170 kB
├ ○ /auth/register                       54.1 kB         219 kB
├ ○ /dashboard                           3.35 kB         152 kB
├ ○ /dashboard/pds                       5.46 kB         163 kB
├ ○ /dashboard/profile                   7.28 kB         176 kB
├ ○ /dashboard/saln                      5.83 kB         163 kB
├ ○ /dashboard/settings                  9.71 kB         170 kB
├ ○ /features/ai-compliance              5.22 kB         162 kB
├ ○ /features/automated-workflows        5.12 kB         162 kB
├ ○ /features/dashboard-analytics        5.26 kB         162 kB
├ ○ /features/pds                        4.19 kB         161 kB
├ ○ /features/saln                       5.13 kB         162 kB
└ ○ /features/security-compliance        5.53 kB         162 kB
+ First Load JS shared by all             102 kB
  ├ chunks/637-d46eb182374b10a2.js       45.9 kB
  ├ chunks/87c73c54-24122e7b92478d00.js  54.2 kB
  └ other shared chunks (total)          1.94 kB


○  (Static)  prerendered as static content

