
> admin@0.1.0 build
> next build

   ▲ Next.js 15.5.3

   Creating an optimized production build ...
Failed to compile.

src/app/layout.tsx
An error occurred in `next/font`.

Error: Cannot find module '../lightningcss.linux-x64-gnu.node'
Require stack:
- /mnt/d/thesis/SmartGov/node_modules/lightningcss/node/index.js
- /mnt/d/thesis/SmartGov/node_modules/@tailwindcss/node/dist/index.js
- /mnt/d/thesis/SmartGov/node_modules/@tailwindcss/postcss/dist/index.js
- /mnt/d/thesis/SmartGov/node_modules/next/dist/build/webpack/config/blocks/css/plugins.js
- /mnt/d/thesis/SmartGov/node_modules/next/dist/build/webpack/config/blocks/css/index.js
- /mnt/d/thesis/SmartGov/node_modules/next/dist/build/webpack/config/index.js
- /mnt/d/thesis/SmartGov/node_modules/next/dist/build/webpack-config.js
- /mnt/d/thesis/SmartGov/node_modules/next/dist/build/webpack-build/impl.js
- /mnt/d/thesis/SmartGov/node_modules/next/dist/compiled/jest-worker/processChild.js
    at Function.<anonymous> (node:internal/modules/cjs/loader:1401:15)
    at /mnt/d/thesis/SmartGov/node_modules/next/dist/server/require-hook.js:57:36
    at defaultResolveImpl (node:internal/modules/cjs/loader:1057:19)
    at resolveForCJSWithHooks (node:internal/modules/cjs/loader:1062:22)
    at Function._load (node:internal/modules/cjs/loader:1211:37)
    at TracingChannel.traceSync (node:diagnostics_channel:322:14)
    at wrapModuleLoad (node:internal/modules/cjs/loader:235:24)
    at Module.<anonymous> (node:internal/modules/cjs/loader:1487:12)
    at mod.require (/mnt/d/thesis/SmartGov/node_modules/next/dist/server/require-hook.js:68:28)
    at require (node:internal/modules/helpers:135:16)


> Build failed because of webpack errors
npm error Lifecycle script `build` failed with error:
npm error code 1
npm error path /mnt/d/thesis/SmartGov/apps/admin
npm error workspace admin@0.1.0
npm error location /mnt/d/thesis/SmartGov/apps/admin
npm error command failed
npm error command sh -c next build
